ERROR - 2024-02-28 00:28:33 --> Unknown column 'level' in 'field list'
ERROR - 2024-02-28 00:28:33 --> Unknown column 'namapetugas' in 'where clause'
CRITICAL - 2024-02-28 00:28:33 --> Call to a member function getRowArray() on bool
#0 C:\xampp\htdocs\ukk_BongMarvin\app\Controllers\Home.php(172): App\Models\M_model->getWhere2('user', Array)
#1 C:\xampp\htdocs\ukk_BongMarvin\system\CodeIgniter.php(832): App\Controllers\Home->aksi_tambah_petugas()
#2 C:\xampp\htdocs\ukk_BongMarvin\system\CodeIgniter.php(419): CodeIgniter\CodeIgniter->runController(Object(App\Controllers\Home))
#3 C:\xampp\htdocs\ukk_BongMarvin\system\CodeIgniter.php(326): CodeIgniter\CodeIgniter->handleRequest(NULL, Object(Config\Cache), false)
#4 C:\xampp\htdocs\ukk_BongMarvin\public\index.php(37): CodeIgniter\CodeIgniter->run()
#5 C:\xampp\htdocs\ukk_BongMarvin\system\Commands\Server\rewrite.php(43): require_once('C:\\xampp\\htdocs...')
#6 {main}
ERROR - 2024-02-28 00:34:05 --> Unknown column 'level' in 'field list'
ERROR - 2024-02-28 00:34:05 --> Unknown column 'namapetugas' in 'where clause'
CRITICAL - 2024-02-28 00:34:05 --> Call to a member function getRowArray() on bool
#0 C:\xampp\htdocs\ukk_BongMarvin\app\Controllers\Home.php(172): App\Models\M_model->getWhere2('user', Array)
#1 C:\xampp\htdocs\ukk_BongMarvin\system\CodeIgniter.php(832): App\Controllers\Home->aksi_tambah_petugas()
#2 C:\xampp\htdocs\ukk_BongMarvin\system\CodeIgniter.php(419): CodeIgniter\CodeIgniter->runController(Object(App\Controllers\Home))
#3 C:\xampp\htdocs\ukk_BongMarvin\system\CodeIgniter.php(326): CodeIgniter\CodeIgniter->handleRequest(NULL, Object(Config\Cache), false)
#4 C:\xampp\htdocs\ukk_BongMarvin\public\index.php(37): CodeIgniter\CodeIgniter->run()
#5 C:\xampp\htdocs\ukk_BongMarvin\system\Commands\Server\rewrite.php(43): require_once('C:\\xampp\\htdocs...')
#6 {main}
ERROR - 2024-02-28 00:40:09 --> Unknown column 'level' in 'field list'
ERROR - 2024-02-28 00:40:09 --> Unknown column 'namapetugas' in 'where clause'
CRITICAL - 2024-02-28 00:40:09 --> Call to a member function getRowArray() on bool
#0 C:\xampp\htdocs\ukk_BongMarvin\app\Controllers\Home.php(172): App\Models\M_model->getWhere2('user', Array)
#1 C:\xampp\htdocs\ukk_BongMarvin\system\CodeIgniter.php(832): App\Controllers\Home->aksi_tambah_petugas()
#2 C:\xampp\htdocs\ukk_BongMarvin\system\CodeIgniter.php(419): CodeIgniter\CodeIgniter->runController(Object(App\Controllers\Home))
#3 C:\xampp\htdocs\ukk_BongMarvin\system\CodeIgniter.php(326): CodeIgniter\CodeIgniter->handleRequest(NULL, Object(Config\Cache), false)
#4 C:\xampp\htdocs\ukk_BongMarvin\public\index.php(37): CodeIgniter\CodeIgniter->run()
#5 C:\xampp\htdocs\ukk_BongMarvin\system\Commands\Server\rewrite.php(43): require_once('C:\\xampp\\htdocs...')
#6 {main}
CRITICAL - 2024-02-28 00:44:38 --> Invalid file: tambah_customer.php
#0 C:\xampp\htdocs\ukk_BongMarvin\system\View\View.php(198): CodeIgniter\Exceptions\FrameworkException::forInvalidFile('tambah_customer...')
#1 C:\xampp\htdocs\ukk_BongMarvin\system\Common.php(1089): CodeIgniter\View\View->render('tambah_customer', Array, true)
#2 C:\xampp\htdocs\ukk_BongMarvin\app\Controllers\Home.php(359): view('tambah_customer')
#3 C:\xampp\htdocs\ukk_BongMarvin\system\CodeIgniter.php(832): App\Controllers\Home->tambah_customer()
#4 C:\xampp\htdocs\ukk_BongMarvin\system\CodeIgniter.php(419): CodeIgniter\CodeIgniter->runController(Object(App\Controllers\Home))
#5 C:\xampp\htdocs\ukk_BongMarvin\system\CodeIgniter.php(326): CodeIgniter\CodeIgniter->handleRequest(NULL, Object(Config\Cache), false)
#6 C:\xampp\htdocs\ukk_BongMarvin\public\index.php(37): CodeIgniter\CodeIgniter->run()
#7 C:\xampp\htdocs\ukk_BongMarvin\system\Commands\Server\rewrite.php(43): require_once('C:\\xampp\\htdocs...')
#8 {main}
ERROR - 2024-02-28 00:47:08 --> Unknown column 'id_petugas' in 'where clause'
CRITICAL - 2024-02-28 00:47:08 --> Call to a member function getRow() on bool
#0 C:\xampp\htdocs\ukk_BongMarvin\app\Controllers\Home.php(124): App\Models\M_model->getWhere('user', Array)
#1 C:\xampp\htdocs\ukk_BongMarvin\system\CodeIgniter.php(832): App\Controllers\Home->petugas()
#2 C:\xampp\htdocs\ukk_BongMarvin\system\CodeIgniter.php(419): CodeIgniter\CodeIgniter->runController(Object(App\Controllers\Home))
#3 C:\xampp\htdocs\ukk_BongMarvin\system\CodeIgniter.php(326): CodeIgniter\CodeIgniter->handleRequest(NULL, Object(Config\Cache), false)
#4 C:\xampp\htdocs\ukk_BongMarvin\public\index.php(37): CodeIgniter\CodeIgniter->run()
#5 C:\xampp\htdocs\ukk_BongMarvin\system\Commands\Server\rewrite.php(43): require_once('C:\\xampp\\htdocs...')
#6 {main}
ERROR - 2024-02-28 00:47:10 --> Unknown column 'id_petugas' in 'where clause'
CRITICAL - 2024-02-28 00:47:10 --> Call to a member function getRow() on bool
#0 C:\xampp\htdocs\ukk_BongMarvin\app\Controllers\Home.php(124): App\Models\M_model->getWhere('user', Array)
#1 C:\xampp\htdocs\ukk_BongMarvin\system\CodeIgniter.php(832): App\Controllers\Home->petugas()
#2 C:\xampp\htdocs\ukk_BongMarvin\system\CodeIgniter.php(419): CodeIgniter\CodeIgniter->runController(Object(App\Controllers\Home))
#3 C:\xampp\htdocs\ukk_BongMarvin\system\CodeIgniter.php(326): CodeIgniter\CodeIgniter->handleRequest(NULL, Object(Config\Cache), false)
#4 C:\xampp\htdocs\ukk_BongMarvin\public\index.php(37): CodeIgniter\CodeIgniter->run()
#5 C:\xampp\htdocs\ukk_BongMarvin\system\Commands\Server\rewrite.php(43): require_once('C:\\xampp\\htdocs...')
#6 {main}
ERROR - 2024-02-28 00:47:12 --> Unknown column 'id_petugas' in 'where clause'
CRITICAL - 2024-02-28 00:47:12 --> Call to a member function getRow() on bool
#0 C:\xampp\htdocs\ukk_BongMarvin\app\Controllers\Home.php(124): App\Models\M_model->getWhere('user', Array)
#1 C:\xampp\htdocs\ukk_BongMarvin\system\CodeIgniter.php(832): App\Controllers\Home->petugas()
#2 C:\xampp\htdocs\ukk_BongMarvin\system\CodeIgniter.php(419): CodeIgniter\CodeIgniter->runController(Object(App\Controllers\Home))
#3 C:\xampp\htdocs\ukk_BongMarvin\system\CodeIgniter.php(326): CodeIgniter\CodeIgniter->handleRequest(NULL, Object(Config\Cache), false)
#4 C:\xampp\htdocs\ukk_BongMarvin\public\index.php(37): CodeIgniter\CodeIgniter->run()
#5 C:\xampp\htdocs\ukk_BongMarvin\system\Commands\Server\rewrite.php(43): require_once('C:\\xampp\\htdocs...')
#6 {main}
ERROR - 2024-02-28 00:47:29 --> Unknown column 'id_petugas' in 'where clause'
CRITICAL - 2024-02-28 00:47:29 --> Call to a member function getRow() on bool
#0 C:\xampp\htdocs\ukk_BongMarvin\app\Controllers\Home.php(124): App\Models\M_model->getWhere('user', Array)
#1 C:\xampp\htdocs\ukk_BongMarvin\system\CodeIgniter.php(832): App\Controllers\Home->petugas()
#2 C:\xampp\htdocs\ukk_BongMarvin\system\CodeIgniter.php(419): CodeIgniter\CodeIgniter->runController(Object(App\Controllers\Home))
#3 C:\xampp\htdocs\ukk_BongMarvin\system\CodeIgniter.php(326): CodeIgniter\CodeIgniter->handleRequest(NULL, Object(Config\Cache), false)
#4 C:\xampp\htdocs\ukk_BongMarvin\public\index.php(37): CodeIgniter\CodeIgniter->run()
#5 C:\xampp\htdocs\ukk_BongMarvin\system\Commands\Server\rewrite.php(43): require_once('C:\\xampp\\htdocs...')
#6 {main}
ERROR - 2024-02-28 00:47:40 --> Unknown column 'id_petugas' in 'where clause'
CRITICAL - 2024-02-28 00:47:40 --> Call to a member function getRow() on bool
#0 C:\xampp\htdocs\ukk_BongMarvin\app\Controllers\Home.php(124): App\Models\M_model->getWhere('user', Array)
#1 C:\xampp\htdocs\ukk_BongMarvin\system\CodeIgniter.php(832): App\Controllers\Home->petugas()
#2 C:\xampp\htdocs\ukk_BongMarvin\system\CodeIgniter.php(419): CodeIgniter\CodeIgniter->runController(Object(App\Controllers\Home))
#3 C:\xampp\htdocs\ukk_BongMarvin\system\CodeIgniter.php(326): CodeIgniter\CodeIgniter->handleRequest(NULL, Object(Config\Cache), false)
#4 C:\xampp\htdocs\ukk_BongMarvin\public\index.php(37): CodeIgniter\CodeIgniter->run()
#5 C:\xampp\htdocs\ukk_BongMarvin\system\Commands\Server\rewrite.php(43): require_once('C:\\xampp\\htdocs...')
#6 {main}
ERROR - 2024-02-28 00:47:59 --> Unknown column 'id_petugas' in 'where clause'
CRITICAL - 2024-02-28 00:47:59 --> Call to a member function getRow() on bool
#0 C:\xampp\htdocs\ukk_BongMarvin\app\Controllers\Home.php(124): App\Models\M_model->getWhere('user', Array)
#1 C:\xampp\htdocs\ukk_BongMarvin\system\CodeIgniter.php(832): App\Controllers\Home->petugas()
#2 C:\xampp\htdocs\ukk_BongMarvin\system\CodeIgniter.php(419): CodeIgniter\CodeIgniter->runController(Object(App\Controllers\Home))
#3 C:\xampp\htdocs\ukk_BongMarvin\system\CodeIgniter.php(326): CodeIgniter\CodeIgniter->handleRequest(NULL, Object(Config\Cache), false)
#4 C:\xampp\htdocs\ukk_BongMarvin\public\index.php(37): CodeIgniter\CodeIgniter->run()
#5 C:\xampp\htdocs\ukk_BongMarvin\system\Commands\Server\rewrite.php(43): require_once('C:\\xampp\\htdocs...')
#6 {main}
ERROR - 2024-02-28 00:48:00 --> Unknown column 'id_petugas' in 'where clause'
CRITICAL - 2024-02-28 00:48:00 --> Call to a member function getRow() on bool
#0 C:\xampp\htdocs\ukk_BongMarvin\app\Controllers\Home.php(124): App\Models\M_model->getWhere('user', Array)
#1 C:\xampp\htdocs\ukk_BongMarvin\system\CodeIgniter.php(832): App\Controllers\Home->petugas()
#2 C:\xampp\htdocs\ukk_BongMarvin\system\CodeIgniter.php(419): CodeIgniter\CodeIgniter->runController(Object(App\Controllers\Home))
#3 C:\xampp\htdocs\ukk_BongMarvin\system\CodeIgniter.php(326): CodeIgniter\CodeIgniter->handleRequest(NULL, Object(Config\Cache), false)
#4 C:\xampp\htdocs\ukk_BongMarvin\public\index.php(37): CodeIgniter\CodeIgniter->run()
#5 C:\xampp\htdocs\ukk_BongMarvin\system\Commands\Server\rewrite.php(43): require_once('C:\\xampp\\htdocs...')
#6 {main}
ERROR - 2024-02-28 00:48:00 --> Unknown column 'id_petugas' in 'where clause'
CRITICAL - 2024-02-28 00:48:00 --> Call to a member function getRow() on bool
#0 C:\xampp\htdocs\ukk_BongMarvin\app\Controllers\Home.php(124): App\Models\M_model->getWhere('user', Array)
#1 C:\xampp\htdocs\ukk_BongMarvin\system\CodeIgniter.php(832): App\Controllers\Home->petugas()
#2 C:\xampp\htdocs\ukk_BongMarvin\system\CodeIgniter.php(419): CodeIgniter\CodeIgniter->runController(Object(App\Controllers\Home))
#3 C:\xampp\htdocs\ukk_BongMarvin\system\CodeIgniter.php(326): CodeIgniter\CodeIgniter->handleRequest(NULL, Object(Config\Cache), false)
#4 C:\xampp\htdocs\ukk_BongMarvin\public\index.php(37): CodeIgniter\CodeIgniter->run()
#5 C:\xampp\htdocs\ukk_BongMarvin\system\Commands\Server\rewrite.php(43): require_once('C:\\xampp\\htdocs...')
#6 {main}
ERROR - 2024-02-28 00:48:22 --> Unknown column 'id_petugas' in 'where clause'
CRITICAL - 2024-02-28 00:48:22 --> Call to a member function getRow() on bool
#0 C:\xampp\htdocs\ukk_BongMarvin\app\Controllers\Home.php(124): App\Models\M_model->getWhere('user', Array)
#1 C:\xampp\htdocs\ukk_BongMarvin\system\CodeIgniter.php(832): App\Controllers\Home->petugas()
#2 C:\xampp\htdocs\ukk_BongMarvin\system\CodeIgniter.php(419): CodeIgniter\CodeIgniter->runController(Object(App\Controllers\Home))
#3 C:\xampp\htdocs\ukk_BongMarvin\system\CodeIgniter.php(326): CodeIgniter\CodeIgniter->handleRequest(NULL, Object(Config\Cache), false)
#4 C:\xampp\htdocs\ukk_BongMarvin\public\index.php(37): CodeIgniter\CodeIgniter->run()
#5 C:\xampp\htdocs\ukk_BongMarvin\system\Commands\Server\rewrite.php(43): require_once('C:\\xampp\\htdocs...')
#6 {main}
ERROR - 2024-02-28 00:48:23 --> Unknown column 'id_petugas' in 'where clause'
CRITICAL - 2024-02-28 00:48:23 --> Call to a member function getRow() on bool
#0 C:\xampp\htdocs\ukk_BongMarvin\app\Controllers\Home.php(124): App\Models\M_model->getWhere('user', Array)
#1 C:\xampp\htdocs\ukk_BongMarvin\system\CodeIgniter.php(832): App\Controllers\Home->petugas()
#2 C:\xampp\htdocs\ukk_BongMarvin\system\CodeIgniter.php(419): CodeIgniter\CodeIgniter->runController(Object(App\Controllers\Home))
#3 C:\xampp\htdocs\ukk_BongMarvin\system\CodeIgniter.php(326): CodeIgniter\CodeIgniter->handleRequest(NULL, Object(Config\Cache), false)
#4 C:\xampp\htdocs\ukk_BongMarvin\public\index.php(37): CodeIgniter\CodeIgniter->run()
#5 C:\xampp\htdocs\ukk_BongMarvin\system\Commands\Server\rewrite.php(43): require_once('C:\\xampp\\htdocs...')
#6 {main}
ERROR - 2024-02-28 00:48:52 --> Unknown column 'id_petugas' in 'where clause'
CRITICAL - 2024-02-28 00:48:52 --> Call to a member function getRow() on bool
#0 C:\xampp\htdocs\ukk_BongMarvin\app\Controllers\Home.php(124): App\Models\M_model->getWhere('user', Array)
#1 C:\xampp\htdocs\ukk_BongMarvin\system\CodeIgniter.php(832): App\Controllers\Home->petugas()
#2 C:\xampp\htdocs\ukk_BongMarvin\system\CodeIgniter.php(419): CodeIgniter\CodeIgniter->runController(Object(App\Controllers\Home))
#3 C:\xampp\htdocs\ukk_BongMarvin\system\CodeIgniter.php(326): CodeIgniter\CodeIgniter->handleRequest(NULL, Object(Config\Cache), false)
#4 C:\xampp\htdocs\ukk_BongMarvin\public\index.php(37): CodeIgniter\CodeIgniter->run()
#5 C:\xampp\htdocs\ukk_BongMarvin\system\Commands\Server\rewrite.php(43): require_once('C:\\xampp\\htdocs...')
#6 {main}
ERROR - 2024-02-28 00:51:18 --> Unknown column 'id_petugas' in 'where clause'
CRITICAL - 2024-02-28 00:51:18 --> Call to a member function getRow() on bool
#0 C:\xampp\htdocs\ukk_BongMarvin\app\Controllers\Home.php(124): App\Models\M_model->getWhere('user', Array)
#1 C:\xampp\htdocs\ukk_BongMarvin\system\CodeIgniter.php(832): App\Controllers\Home->petugas()
#2 C:\xampp\htdocs\ukk_BongMarvin\system\CodeIgniter.php(419): CodeIgniter\CodeIgniter->runController(Object(App\Controllers\Home))
#3 C:\xampp\htdocs\ukk_BongMarvin\system\CodeIgniter.php(326): CodeIgniter\CodeIgniter->handleRequest(NULL, Object(Config\Cache), false)
#4 C:\xampp\htdocs\ukk_BongMarvin\public\index.php(37): CodeIgniter\CodeIgniter->run()
#5 C:\xampp\htdocs\ukk_BongMarvin\system\Commands\Server\rewrite.php(43): require_once('C:\\xampp\\htdocs...')
#6 {main}
ERROR - 2024-02-28 00:51:25 --> Unknown column 'id_petugas' in 'where clause'
CRITICAL - 2024-02-28 00:51:25 --> Call to a member function getRow() on bool
#0 C:\xampp\htdocs\ukk_BongMarvin\app\Controllers\Home.php(124): App\Models\M_model->getWhere('user', Array)
#1 C:\xampp\htdocs\ukk_BongMarvin\system\CodeIgniter.php(832): App\Controllers\Home->petugas()
#2 C:\xampp\htdocs\ukk_BongMarvin\system\CodeIgniter.php(419): CodeIgniter\CodeIgniter->runController(Object(App\Controllers\Home))
#3 C:\xampp\htdocs\ukk_BongMarvin\system\CodeIgniter.php(326): CodeIgniter\CodeIgniter->handleRequest(NULL, Object(Config\Cache), false)
#4 C:\xampp\htdocs\ukk_BongMarvin\public\index.php(37): CodeIgniter\CodeIgniter->run()
#5 C:\xampp\htdocs\ukk_BongMarvin\system\Commands\Server\rewrite.php(43): require_once('C:\\xampp\\htdocs...')
#6 {main}
ERROR - 2024-02-28 00:51:48 --> Unknown column 'id_petugas' in 'where clause'
CRITICAL - 2024-02-28 00:51:48 --> Call to a member function getRow() on bool
#0 C:\xampp\htdocs\ukk_BongMarvin\app\Controllers\Home.php(124): App\Models\M_model->getWhere('user', Array)
#1 C:\xampp\htdocs\ukk_BongMarvin\system\CodeIgniter.php(832): App\Controllers\Home->petugas()
#2 C:\xampp\htdocs\ukk_BongMarvin\system\CodeIgniter.php(419): CodeIgniter\CodeIgniter->runController(Object(App\Controllers\Home))
#3 C:\xampp\htdocs\ukk_BongMarvin\system\CodeIgniter.php(326): CodeIgniter\CodeIgniter->handleRequest(NULL, Object(Config\Cache), false)
#4 C:\xampp\htdocs\ukk_BongMarvin\public\index.php(37): CodeIgniter\CodeIgniter->run()
#5 C:\xampp\htdocs\ukk_BongMarvin\system\Commands\Server\rewrite.php(43): require_once('C:\\xampp\\htdocs...')
#6 {main}
ERROR - 2024-02-28 00:51:53 --> Unknown column 'id_petugas' in 'where clause'
CRITICAL - 2024-02-28 00:51:53 --> Call to a member function getRow() on bool
#0 C:\xampp\htdocs\ukk_BongMarvin\app\Controllers\Home.php(124): App\Models\M_model->getWhere('user', Array)
#1 C:\xampp\htdocs\ukk_BongMarvin\system\CodeIgniter.php(832): App\Controllers\Home->petugas()
#2 C:\xampp\htdocs\ukk_BongMarvin\system\CodeIgniter.php(419): CodeIgniter\CodeIgniter->runController(Object(App\Controllers\Home))
#3 C:\xampp\htdocs\ukk_BongMarvin\system\CodeIgniter.php(326): CodeIgniter\CodeIgniter->handleRequest(NULL, Object(Config\Cache), false)
#4 C:\xampp\htdocs\ukk_BongMarvin\public\index.php(37): CodeIgniter\CodeIgniter->run()
#5 C:\xampp\htdocs\ukk_BongMarvin\system\Commands\Server\rewrite.php(43): require_once('C:\\xampp\\htdocs...')
#6 {main}
ERROR - 2024-02-28 00:51:54 --> Unknown column 'id_petugas' in 'where clause'
CRITICAL - 2024-02-28 00:51:54 --> Call to a member function getRow() on bool
#0 C:\xampp\htdocs\ukk_BongMarvin\app\Controllers\Home.php(124): App\Models\M_model->getWhere('user', Array)
#1 C:\xampp\htdocs\ukk_BongMarvin\system\CodeIgniter.php(832): App\Controllers\Home->petugas()
#2 C:\xampp\htdocs\ukk_BongMarvin\system\CodeIgniter.php(419): CodeIgniter\CodeIgniter->runController(Object(App\Controllers\Home))
#3 C:\xampp\htdocs\ukk_BongMarvin\system\CodeIgniter.php(326): CodeIgniter\CodeIgniter->handleRequest(NULL, Object(Config\Cache), false)
#4 C:\xampp\htdocs\ukk_BongMarvin\public\index.php(37): CodeIgniter\CodeIgniter->run()
#5 C:\xampp\htdocs\ukk_BongMarvin\system\Commands\Server\rewrite.php(43): require_once('C:\\xampp\\htdocs...')
#6 {main}
ERROR - 2024-02-28 00:51:55 --> Unknown column 'id_petugas' in 'where clause'
CRITICAL - 2024-02-28 00:51:55 --> Call to a member function getRow() on bool
#0 C:\xampp\htdocs\ukk_BongMarvin\app\Controllers\Home.php(124): App\Models\M_model->getWhere('user', Array)
#1 C:\xampp\htdocs\ukk_BongMarvin\system\CodeIgniter.php(832): App\Controllers\Home->petugas()
#2 C:\xampp\htdocs\ukk_BongMarvin\system\CodeIgniter.php(419): CodeIgniter\CodeIgniter->runController(Object(App\Controllers\Home))
#3 C:\xampp\htdocs\ukk_BongMarvin\system\CodeIgniter.php(326): CodeIgniter\CodeIgniter->handleRequest(NULL, Object(Config\Cache), false)
#4 C:\xampp\htdocs\ukk_BongMarvin\public\index.php(37): CodeIgniter\CodeIgniter->run()
#5 C:\xampp\htdocs\ukk_BongMarvin\system\Commands\Server\rewrite.php(43): require_once('C:\\xampp\\htdocs...')
#6 {main}
ERROR - 2024-02-28 00:51:56 --> Unknown column 'id_petugas' in 'where clause'
CRITICAL - 2024-02-28 00:51:56 --> Call to a member function getRow() on bool
#0 C:\xampp\htdocs\ukk_BongMarvin\app\Controllers\Home.php(124): App\Models\M_model->getWhere('user', Array)
#1 C:\xampp\htdocs\ukk_BongMarvin\system\CodeIgniter.php(832): App\Controllers\Home->petugas()
#2 C:\xampp\htdocs\ukk_BongMarvin\system\CodeIgniter.php(419): CodeIgniter\CodeIgniter->runController(Object(App\Controllers\Home))
#3 C:\xampp\htdocs\ukk_BongMarvin\system\CodeIgniter.php(326): CodeIgniter\CodeIgniter->handleRequest(NULL, Object(Config\Cache), false)
#4 C:\xampp\htdocs\ukk_BongMarvin\public\index.php(37): CodeIgniter\CodeIgniter->run()
#5 C:\xampp\htdocs\ukk_BongMarvin\system\Commands\Server\rewrite.php(43): require_once('C:\\xampp\\htdocs...')
#6 {main}
ERROR - 2024-02-28 00:51:56 --> Unknown column 'id_petugas' in 'where clause'
CRITICAL - 2024-02-28 00:51:56 --> Call to a member function getRow() on bool
#0 C:\xampp\htdocs\ukk_BongMarvin\app\Controllers\Home.php(124): App\Models\M_model->getWhere('user', Array)
#1 C:\xampp\htdocs\ukk_BongMarvin\system\CodeIgniter.php(832): App\Controllers\Home->petugas()
#2 C:\xampp\htdocs\ukk_BongMarvin\system\CodeIgniter.php(419): CodeIgniter\CodeIgniter->runController(Object(App\Controllers\Home))
#3 C:\xampp\htdocs\ukk_BongMarvin\system\CodeIgniter.php(326): CodeIgniter\CodeIgniter->handleRequest(NULL, Object(Config\Cache), false)
#4 C:\xampp\htdocs\ukk_BongMarvin\public\index.php(37): CodeIgniter\CodeIgniter->run()
#5 C:\xampp\htdocs\ukk_BongMarvin\system\Commands\Server\rewrite.php(43): require_once('C:\\xampp\\htdocs...')
#6 {main}
ERROR - 2024-02-28 00:51:57 --> Unknown column 'id_petugas' in 'where clause'
CRITICAL - 2024-02-28 00:51:57 --> Call to a member function getRow() on bool
#0 C:\xampp\htdocs\ukk_BongMarvin\app\Controllers\Home.php(124): App\Models\M_model->getWhere('user', Array)
#1 C:\xampp\htdocs\ukk_BongMarvin\system\CodeIgniter.php(832): App\Controllers\Home->petugas()
#2 C:\xampp\htdocs\ukk_BongMarvin\system\CodeIgniter.php(419): CodeIgniter\CodeIgniter->runController(Object(App\Controllers\Home))
#3 C:\xampp\htdocs\ukk_BongMarvin\system\CodeIgniter.php(326): CodeIgniter\CodeIgniter->handleRequest(NULL, Object(Config\Cache), false)
#4 C:\xampp\htdocs\ukk_BongMarvin\public\index.php(37): CodeIgniter\CodeIgniter->run()
#5 C:\xampp\htdocs\ukk_BongMarvin\system\Commands\Server\rewrite.php(43): require_once('C:\\xampp\\htdocs...')
#6 {main}
ERROR - 2024-02-28 00:51:57 --> Unknown column 'id_petugas' in 'where clause'
CRITICAL - 2024-02-28 00:51:57 --> Call to a member function getRow() on bool
#0 C:\xampp\htdocs\ukk_BongMarvin\app\Controllers\Home.php(124): App\Models\M_model->getWhere('user', Array)
#1 C:\xampp\htdocs\ukk_BongMarvin\system\CodeIgniter.php(832): App\Controllers\Home->petugas()
#2 C:\xampp\htdocs\ukk_BongMarvin\system\CodeIgniter.php(419): CodeIgniter\CodeIgniter->runController(Object(App\Controllers\Home))
#3 C:\xampp\htdocs\ukk_BongMarvin\system\CodeIgniter.php(326): CodeIgniter\CodeIgniter->handleRequest(NULL, Object(Config\Cache), false)
#4 C:\xampp\htdocs\ukk_BongMarvin\public\index.php(37): CodeIgniter\CodeIgniter->run()
#5 C:\xampp\htdocs\ukk_BongMarvin\system\Commands\Server\rewrite.php(43): require_once('C:\\xampp\\htdocs...')
#6 {main}
ERROR - 2024-02-28 00:51:57 --> Unknown column 'id_petugas' in 'where clause'
CRITICAL - 2024-02-28 00:51:57 --> Call to a member function getRow() on bool
#0 C:\xampp\htdocs\ukk_BongMarvin\app\Controllers\Home.php(124): App\Models\M_model->getWhere('user', Array)
#1 C:\xampp\htdocs\ukk_BongMarvin\system\CodeIgniter.php(832): App\Controllers\Home->petugas()
#2 C:\xampp\htdocs\ukk_BongMarvin\system\CodeIgniter.php(419): CodeIgniter\CodeIgniter->runController(Object(App\Controllers\Home))
#3 C:\xampp\htdocs\ukk_BongMarvin\system\CodeIgniter.php(326): CodeIgniter\CodeIgniter->handleRequest(NULL, Object(Config\Cache), false)
#4 C:\xampp\htdocs\ukk_BongMarvin\public\index.php(37): CodeIgniter\CodeIgniter->run()
#5 C:\xampp\htdocs\ukk_BongMarvin\system\Commands\Server\rewrite.php(43): require_once('C:\\xampp\\htdocs...')
#6 {main}
ERROR - 2024-02-28 00:51:58 --> Unknown column 'id_petugas' in 'where clause'
CRITICAL - 2024-02-28 00:51:58 --> Call to a member function getRow() on bool
#0 C:\xampp\htdocs\ukk_BongMarvin\app\Controllers\Home.php(124): App\Models\M_model->getWhere('user', Array)
#1 C:\xampp\htdocs\ukk_BongMarvin\system\CodeIgniter.php(832): App\Controllers\Home->petugas()
#2 C:\xampp\htdocs\ukk_BongMarvin\system\CodeIgniter.php(419): CodeIgniter\CodeIgniter->runController(Object(App\Controllers\Home))
#3 C:\xampp\htdocs\ukk_BongMarvin\system\CodeIgniter.php(326): CodeIgniter\CodeIgniter->handleRequest(NULL, Object(Config\Cache), false)
#4 C:\xampp\htdocs\ukk_BongMarvin\public\index.php(37): CodeIgniter\CodeIgniter->run()
#5 C:\xampp\htdocs\ukk_BongMarvin\system\Commands\Server\rewrite.php(43): require_once('C:\\xampp\\htdocs...')
#6 {main}
ERROR - 2024-02-28 00:51:58 --> Unknown column 'id_petugas' in 'where clause'
CRITICAL - 2024-02-28 00:51:58 --> Call to a member function getRow() on bool
#0 C:\xampp\htdocs\ukk_BongMarvin\app\Controllers\Home.php(124): App\Models\M_model->getWhere('user', Array)
#1 C:\xampp\htdocs\ukk_BongMarvin\system\CodeIgniter.php(832): App\Controllers\Home->petugas()
#2 C:\xampp\htdocs\ukk_BongMarvin\system\CodeIgniter.php(419): CodeIgniter\CodeIgniter->runController(Object(App\Controllers\Home))
#3 C:\xampp\htdocs\ukk_BongMarvin\system\CodeIgniter.php(326): CodeIgniter\CodeIgniter->handleRequest(NULL, Object(Config\Cache), false)
#4 C:\xampp\htdocs\ukk_BongMarvin\public\index.php(37): CodeIgniter\CodeIgniter->run()
#5 C:\xampp\htdocs\ukk_BongMarvin\system\Commands\Server\rewrite.php(43): require_once('C:\\xampp\\htdocs...')
#6 {main}
ERROR - 2024-02-28 00:51:58 --> Unknown column 'id_petugas' in 'where clause'
CRITICAL - 2024-02-28 00:51:58 --> Call to a member function getRow() on bool
#0 C:\xampp\htdocs\ukk_BongMarvin\app\Controllers\Home.php(124): App\Models\M_model->getWhere('user', Array)
#1 C:\xampp\htdocs\ukk_BongMarvin\system\CodeIgniter.php(832): App\Controllers\Home->petugas()
#2 C:\xampp\htdocs\ukk_BongMarvin\system\CodeIgniter.php(419): CodeIgniter\CodeIgniter->runController(Object(App\Controllers\Home))
#3 C:\xampp\htdocs\ukk_BongMarvin\system\CodeIgniter.php(326): CodeIgniter\CodeIgniter->handleRequest(NULL, Object(Config\Cache), false)
#4 C:\xampp\htdocs\ukk_BongMarvin\public\index.php(37): CodeIgniter\CodeIgniter->run()
#5 C:\xampp\htdocs\ukk_BongMarvin\system\Commands\Server\rewrite.php(43): require_once('C:\\xampp\\htdocs...')
#6 {main}
ERROR - 2024-02-28 00:51:58 --> Unknown column 'id_petugas' in 'where clause'
CRITICAL - 2024-02-28 00:51:58 --> Call to a member function getRow() on bool
#0 C:\xampp\htdocs\ukk_BongMarvin\app\Controllers\Home.php(124): App\Models\M_model->getWhere('user', Array)
#1 C:\xampp\htdocs\ukk_BongMarvin\system\CodeIgniter.php(832): App\Controllers\Home->petugas()
#2 C:\xampp\htdocs\ukk_BongMarvin\system\CodeIgniter.php(419): CodeIgniter\CodeIgniter->runController(Object(App\Controllers\Home))
#3 C:\xampp\htdocs\ukk_BongMarvin\system\CodeIgniter.php(326): CodeIgniter\CodeIgniter->handleRequest(NULL, Object(Config\Cache), false)
#4 C:\xampp\htdocs\ukk_BongMarvin\public\index.php(37): CodeIgniter\CodeIgniter->run()
#5 C:\xampp\htdocs\ukk_BongMarvin\system\Commands\Server\rewrite.php(43): require_once('C:\\xampp\\htdocs...')
#6 {main}
ERROR - 2024-02-28 00:51:59 --> Unknown column 'id_petugas' in 'where clause'
CRITICAL - 2024-02-28 00:51:59 --> Call to a member function getRow() on bool
#0 C:\xampp\htdocs\ukk_BongMarvin\app\Controllers\Home.php(124): App\Models\M_model->getWhere('user', Array)
#1 C:\xampp\htdocs\ukk_BongMarvin\system\CodeIgniter.php(832): App\Controllers\Home->petugas()
#2 C:\xampp\htdocs\ukk_BongMarvin\system\CodeIgniter.php(419): CodeIgniter\CodeIgniter->runController(Object(App\Controllers\Home))
#3 C:\xampp\htdocs\ukk_BongMarvin\system\CodeIgniter.php(326): CodeIgniter\CodeIgniter->handleRequest(NULL, Object(Config\Cache), false)
#4 C:\xampp\htdocs\ukk_BongMarvin\public\index.php(37): CodeIgniter\CodeIgniter->run()
#5 C:\xampp\htdocs\ukk_BongMarvin\system\Commands\Server\rewrite.php(43): require_once('C:\\xampp\\htdocs...')
#6 {main}
ERROR - 2024-02-28 00:55:54 --> Unknown column 'id_petugas' in 'where clause'
CRITICAL - 2024-02-28 00:55:54 --> Call to a member function getRow() on bool
#0 C:\xampp\htdocs\ukk_BongMarvin\app\Controllers\Home.php(124): App\Models\M_model->getWhere('user', Array)
#1 C:\xampp\htdocs\ukk_BongMarvin\system\CodeIgniter.php(832): App\Controllers\Home->petugas()
#2 C:\xampp\htdocs\ukk_BongMarvin\system\CodeIgniter.php(419): CodeIgniter\CodeIgniter->runController(Object(App\Controllers\Home))
#3 C:\xampp\htdocs\ukk_BongMarvin\system\CodeIgniter.php(326): CodeIgniter\CodeIgniter->handleRequest(NULL, Object(Config\Cache), false)
#4 C:\xampp\htdocs\ukk_BongMarvin\public\index.php(37): CodeIgniter\CodeIgniter->run()
#5 C:\xampp\htdocs\ukk_BongMarvin\system\Commands\Server\rewrite.php(43): require_once('C:\\xampp\\htdocs...')
#6 {main}
CRITICAL - 2024-02-28 00:59:15 --> Invalid argument supplied for foreach()
#0 C:\xampp\htdocs\ukk_BongMarvin\app\Views\customer.php(60): CodeIgniter\Debug\Exceptions->errorHandler(2, 'Invalid argumen...', 'C:\\xampp\\htdocs...', 60, Array)
#1 C:\xampp\htdocs\ukk_BongMarvin\system\View\View.php(210): include('C:\\xampp\\htdocs...')
#2 C:\xampp\htdocs\ukk_BongMarvin\system\View\View.php(213): CodeIgniter\View\View->CodeIgniter\View\{closure}()
#3 C:\xampp\htdocs\ukk_BongMarvin\system\Common.php(1089): CodeIgniter\View\View->render('customer', Array, true)
#4 C:\xampp\htdocs\ukk_BongMarvin\app\Controllers\Home.php(200): view('customer', Array)
#5 C:\xampp\htdocs\ukk_BongMarvin\system\CodeIgniter.php(832): App\Controllers\Home->customer()
#6 C:\xampp\htdocs\ukk_BongMarvin\system\CodeIgniter.php(419): CodeIgniter\CodeIgniter->runController(Object(App\Controllers\Home))
#7 C:\xampp\htdocs\ukk_BongMarvin\system\CodeIgniter.php(326): CodeIgniter\CodeIgniter->handleRequest(NULL, Object(Config\Cache), false)
#8 C:\xampp\htdocs\ukk_BongMarvin\public\index.php(37): CodeIgniter\CodeIgniter->run()
#9 C:\xampp\htdocs\ukk_BongMarvin\system\Commands\Server\rewrite.php(43): require_once('C:\\xampp\\htdocs...')
#10 {main}
CRITICAL - 2024-02-28 01:00:35 --> Invalid argument supplied for foreach()
#0 C:\xampp\htdocs\ukk_BongMarvin\app\Views\customer.php(60): CodeIgniter\Debug\Exceptions->errorHandler(2, 'Invalid argumen...', 'C:\\xampp\\htdocs...', 60, Array)
#1 C:\xampp\htdocs\ukk_BongMarvin\system\View\View.php(210): include('C:\\xampp\\htdocs...')
#2 C:\xampp\htdocs\ukk_BongMarvin\system\View\View.php(213): CodeIgniter\View\View->CodeIgniter\View\{closure}()
#3 C:\xampp\htdocs\ukk_BongMarvin\system\Common.php(1089): CodeIgniter\View\View->render('customer', Array, true)
#4 C:\xampp\htdocs\ukk_BongMarvin\app\Controllers\Home.php(200): view('customer', Array)
#5 C:\xampp\htdocs\ukk_BongMarvin\system\CodeIgniter.php(832): App\Controllers\Home->customer()
#6 C:\xampp\htdocs\ukk_BongMarvin\system\CodeIgniter.php(419): CodeIgniter\CodeIgniter->runController(Object(App\Controllers\Home))
#7 C:\xampp\htdocs\ukk_BongMarvin\system\CodeIgniter.php(326): CodeIgniter\CodeIgniter->handleRequest(NULL, Object(Config\Cache), false)
#8 C:\xampp\htdocs\ukk_BongMarvin\public\index.php(37): CodeIgniter\CodeIgniter->run()
#9 C:\xampp\htdocs\ukk_BongMarvin\system\Commands\Server\rewrite.php(43): require_once('C:\\xampp\\htdocs...')
#10 {main}
CRITICAL - 2024-02-28 01:00:36 --> Invalid argument supplied for foreach()
#0 C:\xampp\htdocs\ukk_BongMarvin\app\Views\customer.php(60): CodeIgniter\Debug\Exceptions->errorHandler(2, 'Invalid argumen...', 'C:\\xampp\\htdocs...', 60, Array)
#1 C:\xampp\htdocs\ukk_BongMarvin\system\View\View.php(210): include('C:\\xampp\\htdocs...')
#2 C:\xampp\htdocs\ukk_BongMarvin\system\View\View.php(213): CodeIgniter\View\View->CodeIgniter\View\{closure}()
#3 C:\xampp\htdocs\ukk_BongMarvin\system\Common.php(1089): CodeIgniter\View\View->render('customer', Array, true)
#4 C:\xampp\htdocs\ukk_BongMarvin\app\Controllers\Home.php(200): view('customer', Array)
#5 C:\xampp\htdocs\ukk_BongMarvin\system\CodeIgniter.php(832): App\Controllers\Home->customer()
#6 C:\xampp\htdocs\ukk_BongMarvin\system\CodeIgniter.php(419): CodeIgniter\CodeIgniter->runController(Object(App\Controllers\Home))
#7 C:\xampp\htdocs\ukk_BongMarvin\system\CodeIgniter.php(326): CodeIgniter\CodeIgniter->handleRequest(NULL, Object(Config\Cache), false)
#8 C:\xampp\htdocs\ukk_BongMarvin\public\index.php(37): CodeIgniter\CodeIgniter->run()
#9 C:\xampp\htdocs\ukk_BongMarvin\system\Commands\Server\rewrite.php(43): require_once('C:\\xampp\\htdocs...')
#10 {main}
CRITICAL - 2024-02-28 01:00:49 --> Invalid file: tambah_customer.php
#0 C:\xampp\htdocs\ukk_BongMarvin\system\View\View.php(198): CodeIgniter\Exceptions\FrameworkException::forInvalidFile('tambah_customer...')
#1 C:\xampp\htdocs\ukk_BongMarvin\system\Common.php(1089): CodeIgniter\View\View->render('tambah_customer', Array, true)
#2 C:\xampp\htdocs\ukk_BongMarvin\app\Controllers\Home.php(216): view('tambah_customer', Array)
#3 C:\xampp\htdocs\ukk_BongMarvin\system\CodeIgniter.php(832): App\Controllers\Home->tambah_customer()
#4 C:\xampp\htdocs\ukk_BongMarvin\system\CodeIgniter.php(419): CodeIgniter\CodeIgniter->runController(Object(App\Controllers\Home))
#5 C:\xampp\htdocs\ukk_BongMarvin\system\CodeIgniter.php(326): CodeIgniter\CodeIgniter->handleRequest(NULL, Object(Config\Cache), false)
#6 C:\xampp\htdocs\ukk_BongMarvin\public\index.php(37): CodeIgniter\CodeIgniter->run()
#7 C:\xampp\htdocs\ukk_BongMarvin\system\Commands\Server\rewrite.php(43): require_once('C:\\xampp\\htdocs...')
#8 {main}
ERROR - 2024-02-28 01:04:27 --> Unknown column 'level' in 'field list'
ERROR - 2024-02-28 01:05:36 --> Unknown column 'namapetugas' in 'field list'
ERROR - 2024-02-28 01:09:19 --> Unknown column 'level' in 'field list'
ERROR - 2024-02-28 01:10:37 --> Unknown column 'level' in 'field list'
ERROR - 2024-02-28 01:15:39 --> Unknown column 'level' in 'field list'
ERROR - 2024-02-28 01:18:08 --> Unknown column 'level' in 'field list'
ERROR - 2024-02-28 01:22:12 --> Unknown column 'level' in 'field list'
CRITICAL - 2024-02-28 01:22:45 --> syntax error, unexpected 'public' (T_PUBLIC)
#0 C:\xampp\htdocs\ukk_BongMarvin\system\Router\Router.php(175): CodeIgniter\Router\Router->autoRoute('Home/petugas')
#1 C:\xampp\htdocs\ukk_BongMarvin\system\CodeIgniter.php(726): CodeIgniter\Router\Router->handle('Home/petugas')
#2 C:\xampp\htdocs\ukk_BongMarvin\system\CodeIgniter.php(368): CodeIgniter\CodeIgniter->tryToRouteIt(Object(CodeIgniter\Router\RouteCollection))
#3 C:\xampp\htdocs\ukk_BongMarvin\system\CodeIgniter.php(326): CodeIgniter\CodeIgniter->handleRequest(NULL, Object(Config\Cache), false)
#4 C:\xampp\htdocs\ukk_BongMarvin\public\index.php(37): CodeIgniter\CodeIgniter->run()
#5 C:\xampp\htdocs\ukk_BongMarvin\system\Commands\Server\rewrite.php(43): require_once('C:\\xampp\\htdocs...')
#6 {main}
ERROR - 2024-02-28 01:23:24 --> Unknown column 'petugas' in 'where clause'
ERROR - 2024-02-28 01:23:29 --> Unknown column 'petugas' in 'where clause'
ERROR - 2024-02-28 01:23:32 --> Unknown column 'petugas' in 'where clause'
ERROR - 2024-02-28 01:29:42 --> Unknown column 'level' in 'field list'
ERROR - 2024-02-28 01:31:25 --> Unknown column 'petugas' in 'where clause'
ERROR - 2024-02-28 01:33:27 --> Unknown column 'namapetugas' in 'field list'
ERROR - 2024-02-28 01:38:45 --> Unknown column 'level' in 'field list'
ERROR - 2024-02-28 01:43:04 --> Table 'kasir.pembayaran' doesn't exist
CRITICAL - 2024-02-28 01:43:04 --> Call to a member function getResult() on bool
#0 C:\xampp\htdocs\ukk_BongMarvin\app\Controllers\Home.php(1045): App\Models\M_model->filter2('pembayaran', '', '')
#1 C:\xampp\htdocs\ukk_BongMarvin\system\CodeIgniter.php(832): App\Controllers\Home->cari_b()
#2 C:\xampp\htdocs\ukk_BongMarvin\system\CodeIgniter.php(419): CodeIgniter\CodeIgniter->runController(Object(App\Controllers\Home))
#3 C:\xampp\htdocs\ukk_BongMarvin\system\CodeIgniter.php(326): CodeIgniter\CodeIgniter->handleRequest(NULL, Object(Config\Cache), false)
#4 C:\xampp\htdocs\ukk_BongMarvin\public\index.php(37): CodeIgniter\CodeIgniter->run()
#5 C:\xampp\htdocs\ukk_BongMarvin\system\Commands\Server\rewrite.php(43): require_once('C:\\xampp\\htdocs...')
#6 {main}
ERROR - 2024-02-28 01:43:07 --> Table 'kasir.pembayaran' doesn't exist
CRITICAL - 2024-02-28 01:43:07 --> Call to a member function getResult() on bool
#0 C:\xampp\htdocs\ukk_BongMarvin\app\Controllers\Home.php(1059): App\Models\M_model->filter2('pembayaran', '', '')
#1 C:\xampp\htdocs\ukk_BongMarvin\system\CodeIgniter.php(832): App\Controllers\Home->pdf_b()
#2 C:\xampp\htdocs\ukk_BongMarvin\system\CodeIgniter.php(419): CodeIgniter\CodeIgniter->runController(Object(App\Controllers\Home))
#3 C:\xampp\htdocs\ukk_BongMarvin\system\CodeIgniter.php(326): CodeIgniter\CodeIgniter->handleRequest(NULL, Object(Config\Cache), false)
#4 C:\xampp\htdocs\ukk_BongMarvin\public\index.php(37): CodeIgniter\CodeIgniter->run()
#5 C:\xampp\htdocs\ukk_BongMarvin\system\Commands\Server\rewrite.php(43): require_once('C:\\xampp\\htdocs...')
#6 {main}
ERROR - 2024-02-28 01:43:10 --> Table 'kasir.pembayaran' doesn't exist
CRITICAL - 2024-02-28 01:43:10 --> Call to a member function getResult() on bool
#0 C:\xampp\htdocs\ukk_BongMarvin\app\Controllers\Home.php(1073): App\Models\M_model->filter2('pembayaran', '', '')
#1 C:\xampp\htdocs\ukk_BongMarvin\system\CodeIgniter.php(832): App\Controllers\Home->excel_barang()
#2 C:\xampp\htdocs\ukk_BongMarvin\system\CodeIgniter.php(419): CodeIgniter\CodeIgniter->runController(Object(App\Controllers\Home))
#3 C:\xampp\htdocs\ukk_BongMarvin\system\CodeIgniter.php(326): CodeIgniter\CodeIgniter->handleRequest(NULL, Object(Config\Cache), false)
#4 C:\xampp\htdocs\ukk_BongMarvin\public\index.php(37): CodeIgniter\CodeIgniter->run()
#5 C:\xampp\htdocs\ukk_BongMarvin\system\Commands\Server\rewrite.php(43): require_once('C:\\xampp\\htdocs...')
#6 {main}
ERROR - 2024-02-28 01:44:20 --> Table 'kasir.pembayaran' doesn't exist
CRITICAL - 2024-02-28 01:44:20 --> Call to a member function getResult() on bool
#0 C:\xampp\htdocs\ukk_BongMarvin\app\Controllers\Home.php(1073): App\Models\M_model->filter2('pembayaran', '2024-02-28', '2024-02-29')
#1 C:\xampp\htdocs\ukk_BongMarvin\system\CodeIgniter.php(832): App\Controllers\Home->excel_barang()
#2 C:\xampp\htdocs\ukk_BongMarvin\system\CodeIgniter.php(419): CodeIgniter\CodeIgniter->runController(Object(App\Controllers\Home))
#3 C:\xampp\htdocs\ukk_BongMarvin\system\CodeIgniter.php(326): CodeIgniter\CodeIgniter->handleRequest(NULL, Object(Config\Cache), false)
#4 C:\xampp\htdocs\ukk_BongMarvin\public\index.php(37): CodeIgniter\CodeIgniter->run()
#5 C:\xampp\htdocs\ukk_BongMarvin\system\Commands\Server\rewrite.php(43): require_once('C:\\xampp\\htdocs...')
#6 {main}
ERROR - 2024-02-28 02:00:00 --> Unknown column 'level' in 'field list'
ERROR - 2024-02-28 02:03:38 --> Unknown column 'level' in 'field list'
ERROR - 2024-02-28 02:13:38 --> Unknown column 'level' in 'field list'
ERROR - 2024-02-28 02:29:01 --> Unknown column 'level' in 'field list'
